{"uid":"10a22e71119ed788","name":"GetFranchiseList - page_size is object","fullName":"GetFranchiseList - page_size is object","historyId":"GetFranchiseList - page_size is object","time":{"start":1761311743318,"stop":1761311743867,"duration":549},"status":"failed","statusMessage":"The following asserts failed:\n\tMismatch in result size expected [0] but found [1]","statusTrace":"java.lang.AssertionError: The following asserts failed:\n\tMismatch in result size expected [0] but found [1]\n\tat org.testng.asserts.SoftAssert.assertAll(SoftAssert.java:46)\n\tat org.testng.asserts.SoftAssert.assertAll(SoftAssert.java:30)\n\tat Listener.AllureLogs.executeSoftAssertAll(AllureLogs.java:182)\n\tat autochek_api_negative.UserService.UserServiceNegative.GetFranchiseList(UserServiceNegative.java:547)\n\tat java.base/jdk.internal.reflect.DirectMethodHandleAccessor.invoke(DirectMethodHandleAccessor.java:103)\n\tat java.base/java.lang.reflect.Method.invoke(Method.java:580)\n\tat org.testng.internal.invokers.MethodInvocationHelper.invokeMethod(MethodInvocationHelper.java:141)\n\tat org.testng.internal.invokers.TestInvoker.invokeMethod(TestInvoker.java:687)\n\tat org.testng.internal.invokers.TestInvoker.invokeTestMethod(TestInvoker.java:230)\n\tat org.testng.internal.invokers.MethodRunner.runInSequence(MethodRunner.java:63)\n\tat org.testng.internal.invokers.TestInvoker$MethodInvocationAgent.invoke(TestInvoker.java:995)\n\tat org.testng.internal.invokers.TestInvoker.invokeTestMethods(TestInvoker.java:203)\n\tat org.testng.internal.invokers.TestMethodWorker.invokeTestMethods(TestMethodWorker.java:154)\n\tat org.testng.internal.invokers.TestMethodWorker.run(TestMethodWorker.java:134)\n\tat java.base/java.util.ArrayList.forEach(ArrayList.java:1597)\n\tat org.testng.TestRunner.privateRun(TestRunner.java:741)\n\tat org.testng.TestRunner.run(TestRunner.java:616)\n\tat org.testng.SuiteRunner.runTest(SuiteRunner.java:421)\n\tat org.testng.SuiteRunner.runSequentially(SuiteRunner.java:413)\n\tat org.testng.SuiteRunner.privateRun(SuiteRunner.java:373)\n\tat org.testng.SuiteRunner.run(SuiteRunner.java:312)\n\tat org.testng.SuiteRunnerWorker.runSuite(SuiteRunnerWorker.java:52)\n\tat org.testng.SuiteRunnerWorker.run(SuiteRunnerWorker.java:95)\n\tat org.testng.TestNG.runSuitesSequentially(TestNG.java:1274)\n\tat org.testng.TestNG.runSuitesLocally(TestNG.java:1208)\n\tat org.testng.TestNG.runSuites(TestNG.java:1112)\n\tat org.testng.TestNG.run(TestNG.java:1079)\n\tat org.apache.maven.surefire.testng.TestNGExecutor.run(TestNGExecutor.java:308)\n\tat org.apache.maven.surefire.testng.TestNGXmlTestSuite.execute(TestNGXmlTestSuite.java:71)\n\tat org.apache.maven.surefire.testng.TestNGProvider.invoke(TestNGProvider.java:113)\n\tat org.apache.maven.surefire.booter.ForkedBooter.runSuitesInProcess(ForkedBooter.java:385)\n\tat org.apache.maven.surefire.booter.ForkedBooter.execute(ForkedBooter.java:162)\n\tat org.apache.maven.surefire.booter.ForkedBooter.run(ForkedBooter.java:507)\n\tat org.apache.maven.surefire.booter.ForkedBooter.main(ForkedBooter.java:495)\n","flaky":false,"newFailed":false,"newBroken":false,"newPassed":false,"retriesCount":0,"retriesStatusChange":false,"beforeStages":[{"name":"setUp","time":{"start":1761311734077,"stop":1761311736412,"duration":2335},"description":"","status":"passed","steps":[],"attachments":[],"parameters":[],"shouldDisplayMessage":false,"stepsCount":0,"attachmentsCount":0,"hasContent":false,"attachmentStep":false}],"testStage":{"status":"failed","statusMessage":"The following asserts failed:\n\tMismatch in result size expected [0] but found [1]","statusTrace":"java.lang.AssertionError: The following asserts failed:\n\tMismatch in result size expected [0] but found [1]\n\tat org.testng.asserts.SoftAssert.assertAll(SoftAssert.java:46)\n\tat org.testng.asserts.SoftAssert.assertAll(SoftAssert.java:30)\n\tat Listener.AllureLogs.executeSoftAssertAll(AllureLogs.java:182)\n\tat autochek_api_negative.UserService.UserServiceNegative.GetFranchiseList(UserServiceNegative.java:547)\n\tat java.base/jdk.internal.reflect.DirectMethodHandleAccessor.invoke(DirectMethodHandleAccessor.java:103)\n\tat java.base/java.lang.reflect.Method.invoke(Method.java:580)\n\tat org.testng.internal.invokers.MethodInvocationHelper.invokeMethod(MethodInvocationHelper.java:141)\n\tat org.testng.internal.invokers.TestInvoker.invokeMethod(TestInvoker.java:687)\n\tat org.testng.internal.invokers.TestInvoker.invokeTestMethod(TestInvoker.java:230)\n\tat org.testng.internal.invokers.MethodRunner.runInSequence(MethodRunner.java:63)\n\tat org.testng.internal.invokers.TestInvoker$MethodInvocationAgent.invoke(TestInvoker.java:995)\n\tat org.testng.internal.invokers.TestInvoker.invokeTestMethods(TestInvoker.java:203)\n\tat org.testng.internal.invokers.TestMethodWorker.invokeTestMethods(TestMethodWorker.java:154)\n\tat org.testng.internal.invokers.TestMethodWorker.run(TestMethodWorker.java:134)\n\tat java.base/java.util.ArrayList.forEach(ArrayList.java:1597)\n\tat org.testng.TestRunner.privateRun(TestRunner.java:741)\n\tat org.testng.TestRunner.run(TestRunner.java:616)\n\tat org.testng.SuiteRunner.runTest(SuiteRunner.java:421)\n\tat org.testng.SuiteRunner.runSequentially(SuiteRunner.java:413)\n\tat org.testng.SuiteRunner.privateRun(SuiteRunner.java:373)\n\tat org.testng.SuiteRunner.run(SuiteRunner.java:312)\n\tat org.testng.SuiteRunnerWorker.runSuite(SuiteRunnerWorker.java:52)\n\tat org.testng.SuiteRunnerWorker.run(SuiteRunnerWorker.java:95)\n\tat org.testng.TestNG.runSuitesSequentially(TestNG.java:1274)\n\tat org.testng.TestNG.runSuitesLocally(TestNG.java:1208)\n\tat org.testng.TestNG.runSuites(TestNG.java:1112)\n\tat org.testng.TestNG.run(TestNG.java:1079)\n\tat org.apache.maven.surefire.testng.TestNGExecutor.run(TestNGExecutor.java:308)\n\tat org.apache.maven.surefire.testng.TestNGXmlTestSuite.execute(TestNGXmlTestSuite.java:71)\n\tat org.apache.maven.surefire.testng.TestNGProvider.invoke(TestNGProvider.java:113)\n\tat org.apache.maven.surefire.booter.ForkedBooter.runSuitesInProcess(ForkedBooter.java:385)\n\tat org.apache.maven.surefire.booter.ForkedBooter.execute(ForkedBooter.java:162)\n\tat org.apache.maven.surefire.booter.ForkedBooter.run(ForkedBooter.java:507)\n\tat org.apache.maven.surefire.booter.ForkedBooter.main(ForkedBooter.java:495)\n","steps":[{"name":"SoftAssert: Verify result size - Expected: '0', Actual: '1'","time":{"start":1761311743865,"stop":1761311743865,"duration":0},"status":"passed","steps":[],"attachments":[],"parameters":[{"name":"softAssert","value":"org.testng.asserts.SoftAssert@1565c047"},{"name":"actual","value":"1"},{"name":"expected","value":"0"},{"name":"fieldName","value":"result size"}],"shouldDisplayMessage":false,"stepsCount":0,"attachmentsCount":0,"hasContent":true,"attachmentStep":false},{"name":"Execute all soft assertions","time":{"start":1761311743866,"stop":1761311743866,"duration":0},"status":"failed","statusMessage":"The following asserts failed:\n\tMismatch in result size expected [0] but found [1]","statusTrace":"java.lang.AssertionError: The following asserts failed:\n\tMismatch in result size expected [0] but found [1]\n\tat org.testng.asserts.SoftAssert.assertAll(SoftAssert.java:46)\n\tat org.testng.asserts.SoftAssert.assertAll(SoftAssert.java:30)\n\tat Listener.AllureLogs.executeSoftAssertAll(AllureLogs.java:182)\n\tat autochek_api_negative.UserService.UserServiceNegative.GetFranchiseList(UserServiceNegative.java:547)\n\tat java.base/jdk.internal.reflect.DirectMethodHandleAccessor.invoke(DirectMethodHandleAccessor.java:103)\n\tat java.base/java.lang.reflect.Method.invoke(Method.java:580)\n\tat org.testng.internal.invokers.MethodInvocationHelper.invokeMethod(MethodInvocationHelper.java:141)\n\tat org.testng.internal.invokers.TestInvoker.invokeMethod(TestInvoker.java:687)\n\tat org.testng.internal.invokers.TestInvoker.invokeTestMethod(TestInvoker.java:230)\n\tat org.testng.internal.invokers.MethodRunner.runInSequence(MethodRunner.java:63)\n\tat org.testng.internal.invokers.TestInvoker$MethodInvocationAgent.invoke(TestInvoker.java:995)\n\tat org.testng.internal.invokers.TestInvoker.invokeTestMethods(TestInvoker.java:203)\n\tat org.testng.internal.invokers.TestMethodWorker.invokeTestMethods(TestMethodWorker.java:154)\n\tat org.testng.internal.invokers.TestMethodWorker.run(TestMethodWorker.java:134)\n\tat java.base/java.util.ArrayList.forEach(ArrayList.java:1597)\n\tat org.testng.TestRunner.privateRun(TestRunner.java:741)\n\tat org.testng.TestRunner.run(TestRunner.java:616)\n\tat org.testng.SuiteRunner.runTest(SuiteRunner.java:421)\n\tat org.testng.SuiteRunner.runSequentially(SuiteRunner.java:413)\n\tat org.testng.SuiteRunner.privateRun(SuiteRunner.java:373)\n\tat org.testng.SuiteRunner.run(SuiteRunner.java:312)\n\tat org.testng.SuiteRunnerWorker.runSuite(SuiteRunnerWorker.java:52)\n\tat org.testng.SuiteRunnerWorker.run(SuiteRunnerWorker.java:95)\n\tat org.testng.TestNG.runSuitesSequentially(TestNG.java:1274)\n\tat org.testng.TestNG.runSuitesLocally(TestNG.java:1208)\n\tat org.testng.TestNG.runSuites(TestNG.java:1112)\n\tat org.testng.TestNG.run(TestNG.java:1079)\n\tat org.apache.maven.surefire.testng.TestNGExecutor.run(TestNGExecutor.java:308)\n\tat org.apache.maven.surefire.testng.TestNGXmlTestSuite.execute(TestNGXmlTestSuite.java:71)\n\tat org.apache.maven.surefire.testng.TestNGProvider.invoke(TestNGProvider.java:113)\n\tat org.apache.maven.surefire.booter.ForkedBooter.runSuitesInProcess(ForkedBooter.java:385)\n\tat org.apache.maven.surefire.booter.ForkedBooter.execute(ForkedBooter.java:162)\n\tat org.apache.maven.surefire.booter.ForkedBooter.run(ForkedBooter.java:507)\n\tat org.apache.maven.surefire.booter.ForkedBooter.main(ForkedBooter.java:495)\n","steps":[],"attachments":[{"uid":"a5674d42746e9d83","name":"Soft Assertion Failures","source":"a5674d42746e9d83.txt","type":"text/plain","size":81}],"parameters":[{"name":"softAssert","value":"org.testng.asserts.SoftAssert@1565c047"}],"shouldDisplayMessage":true,"stepsCount":0,"attachmentsCount":1,"hasContent":true,"attachmentStep":false}],"attachments":[{"uid":"85e5d77e7bc9cb7e","name":"Request Log","source":"85e5d77e7bc9cb7e.txt","type":"application/json","size":588},{"uid":"937f5c35ba49157b","name":"Response Log","source":"937f5c35ba49157b","type":"application/json","size":4029}],"parameters":[],"shouldDisplayMessage":false,"stepsCount":2,"attachmentsCount":3,"hasContent":true,"attachmentStep":false},"afterStages":[],"labels":[{"name":"package","value":"autochek_api_negative.UserService.UserServiceNegative"},{"name":"testClass","value":"autochek_api_negative.UserService.UserServiceNegative"},{"name":"testMethod","value":"GetFranchiseList"},{"name":"parentSuite","value":"API_Regression_Suite"},{"name":"suite","value":"Autochek_API_Automation"},{"name":"subSuite","value":"autochek_api_negative.UserService.UserServiceNegative"},{"name":"host","value":"runnervmwhb2z"},{"name":"thread","value":"2149@runnervmwhb2z.main(1)"},{"name":"framework","value":"testng"},{"name":"language","value":"java"},{"name":"story","value":"Get Franchise List"},{"name":"feature","value":"Negative UserService"},{"name":"epic","value":"API Automation"},{"name":"severity","value":"medium"},{"name":"resultFormat","value":"allure2"}],"parameters":[],"links":[],"hidden":false,"retry":false,"extra":{"severity":"normal","retries":[],"categories":[{"name":"Product defects","matchedStatuses":[]}],"history":{"statistic":{"failed":9,"broken":0,"skipped":0,"passed":0,"unknown":0,"total":9},"items":[{"uid":"aec9fca59c565fb0","status":"failed","statusDetails":"The following asserts failed:\n\tMismatch in result size expected [0] but found [1]","time":{"start":1761305657752,"stop":1761305658184,"duration":432}},{"uid":"f7a8a1bc5f58f51f","status":"failed","statusDetails":"The following asserts failed:\n\tMismatch in result size expected [0] but found [1]","time":{"start":1761304761981,"stop":1761304762383,"duration":402}},{"uid":"d5fac7a67cabc3f6","status":"failed","statusDetails":"The following asserts failed:\n\tMismatch in result size expected [0] but found [1]","time":{"start":1761304292853,"stop":1761304293235,"duration":382}},{"uid":"5174f6dae81eeaeb","status":"failed","statusDetails":"The following asserts failed:\n\tMismatch in result size expected [0] but found [1]","time":{"start":1761303423322,"stop":1761303423793,"duration":471}},{"uid":"27f85a92cca07631","status":"failed","statusDetails":"The following asserts failed:\n\tMismatch in result size expected [0] but found [1]","time":{"start":1761302556855,"stop":1761302557371,"duration":516}},{"uid":"167b272c5a088a12","status":"failed","statusDetails":"The following asserts failed:\n\tMismatch in result size expected [0] but found [1]","time":{"start":1761301874107,"stop":1761301874533,"duration":426}},{"uid":"ca903f18b52a6f37","status":"failed","statusDetails":"The following asserts failed:\n\tMismatch in result size expected [0] but found [1]","time":{"start":1761301574851,"stop":1761301575433,"duration":582}},{"uid":"652ef3ea55714036","status":"failed","statusDetails":"The following asserts failed:\n\tMismatch in result size expected [0] but found [1]","time":{"start":1761301000083,"stop":1761301000567,"duration":484}}]},"tags":[]},"source":"10a22e71119ed788.json","parameterValues":[]}